<?xml version="1.0" encoding="utf-8" standalone="no"?>
<test-run id="2" testcasecount="1" result="Passed" total="1" passed="1" failed="0" inconclusive="0" skipped="0" asserts="0" engine-version="3.2.1.0" clr-version="4.0.30319.42000" start-time="2016-04-22 18:40:26Z" end-time="2016-04-22 18:40:31Z" duration="4.265584">
  <command-line><![CDATA[nunit3-console.exe  ..\..\..\SpecFlow\bin\Debug\SpecFlow.dll]]></command-line>
  <test-suite type="Assembly" id="0-1002" name="SpecFlow.dll" fullname="C:\Users\User\Programming\Tests\SpecFlowNunit\SpecFlow\bin\Debug\SpecFlow.dll" runstate="Runnable" testcasecount="1" result="Passed" start-time="2016-04-22 18:40:26Z" end-time="2016-04-22 18:40:31Z" duration="4.222417" total="1" passed="1" failed="0" inconclusive="0" skipped="0" asserts="0">
    <environment framework-version="3.2.1.0" clr-version="4.0.30319.42000" os-version="Microsoft Windows NT 10.0.10586.0" platform="Win32NT" cwd="C:\Users\User\Programming\Tests\SpecFlowNunit\packages\NUnit.ConsoleRunner.3.2.1\tools" machine-name="USER-PC" user="User" user-domain="User-PC" culture="en-US" uiculture="en-US" os-architecture="x64" />
    <settings>
      <setting name="WorkDirectory" value="C:\Users\User\Programming\Tests\SpecFlowNunit\packages\NUnit.ConsoleRunner.3.2.1\tools" />
      <setting name="ImageRuntimeVersion" value="4.0.30319" />
      <setting name="ImageTargetFrameworkName" value=".NETFramework,Version=v4.5.2" />
      <setting name="ImageRequiresX86" value="False" />
      <setting name="ImageRequiresDefaultAppDomainAssemblyResolver" value="False" />
      <setting name="NumberOfTestWorkers" value="8" />
    </settings>
    <properties>
      <property name="_PID" value="2636" />
      <property name="_APPDOMAIN" value="test-domain-" />
    </properties>
    <test-suite type="TestSuite" id="0-1003" name="SpecFlow" fullname="SpecFlow" runstate="Runnable" testcasecount="1" result="Passed" start-time="2016-04-22 18:40:26Z" end-time="2016-04-22 18:40:31Z" duration="4.216595" total="1" passed="1" failed="0" inconclusive="0" skipped="0" asserts="0">
      <test-suite type="TestSuite" id="0-1004" name="Features" fullname="SpecFlow.Features" runstate="Runnable" testcasecount="1" result="Passed" start-time="2016-04-22 18:40:26Z" end-time="2016-04-22 18:40:31Z" duration="4.216511" total="1" passed="1" failed="0" inconclusive="0" skipped="0" asserts="0">
        <test-suite type="TestFixture" id="0-1000" name="LoginFeature" fullname="SpecFlow.Features.LoginFeature" classname="SpecFlow.Features.LoginFeature" runstate="Runnable" testcasecount="1" result="Passed" start-time="2016-04-22 18:40:26Z" end-time="2016-04-22 18:40:31Z" duration="4.215270" total="1" passed="1" failed="0" inconclusive="0" skipped="0" asserts="0">
          <properties>
            <property name="Description" value="Login" />
          </properties>
          <test-case id="0-1001" name="Login" fullname="SpecFlow.Features.LoginFeature.Login" methodname="Login" classname="SpecFlow.Features.LoginFeature" runstate="Runnable" seed="798259755" result="Passed" start-time="2016-04-22 18:40:27Z" end-time="2016-04-22 18:40:31Z" duration="3.964168" asserts="0">
            <properties>
              <property name="Description" value="Login" />
              <property name="Category" value="login" />
            </properties>
            <output><![CDATA[Given I am on the homepage
-> done: LoginSteps.GivenIAmOnTheHomepage() (3.0s)
When I press the Login link
-> done: LoginSteps.WhenIPressTheLoginLink() (0.1s)
Then I should be taken to the login page
-> done: LoginSteps.ThenIShouldBeTakenToTheLoginPage() (0.8s)
]]></output>
          </test-case>
        </test-suite>
      </test-suite>
    </test-suite>
  </test-suite>
</test-run>